<?xml version="1.0" encoding="UTF-8"?>
<!-- Generated by org.testng.reporters.JUnitReportReporter -->
<testsuite hostname="Timyang-PC" name="testCase.TestCaseDemo" tests="2" failures="0" timestamp="19 Nov 2017 01:23:48 GMT" time="27.765" errors="0">
  <testcase name="testSearch" time="8.263" classname="testCase.TestCaseDemo"/>
  <testcase name="testSearch" time="19.502" classname="testCase.TestCaseDemo"/>
</testsuite> <!-- testCase.TestCaseDemo -->
