<?xml version="1.0" encoding="UTF-8"?>
<!-- Generated by org.testng.reporters.JUnitReportReporter -->
<testsuite hostname="Timyang-PC" name="testData.FromExcel" tests="2" failures="0" timestamp="14 Nov 2017 13:12:51 GMT" time="31.669" errors="0">
  <testcase name="testSearch" time="21.987" classname="testData.FromExcel"/>
  <testcase name="testSearch" time="9.682" classname="testData.FromExcel"/>
</testsuite> <!-- testData.FromExcel -->
